20230727-122112：jsonp_1690427968947_58064({"code":"0","data":{"signedRan":"B","status":"2","beanUserType":1,"awardType":"1","dailyAward":{"type":"1","title":"今天已签到，","subTitle":"获得奖励","beanAward":{"beanCount":"1","beanImgUrl":"https://m.360buyimg.com/njmobilecms/jfs/t23452/19/1797778090/8622/14e40996/5b69974eN9880f531.png"}},"signRemind":{"title":"领京豆","content":"签到领京豆啦，断签会错过连签礼包哦","popImgUrl":"https://m.360buyimg.com/njmobilecms/jfs/t25144/349/281504248/8702/2397c397/5b6ab64fN016b2a9d.png","beanHomeLink":"{ \"des\": \"m\",\n    \"params\": {\n        \"url\": \"https://h5.m.jd.com/rn/42yjy8na6pFsq1cx9MJQ5aTgu3kX/index.html\"\n    }\n}"},"continuousDays":"1","tomorrowSendBeans":0}});
20230727-054724：jsonp_1690427968947_58064({"code":"0","data":{"signedRan":"B","status":"2","beanUserType":1,"awardType":"1","dailyAward":{"type":"1","title":"今天已签到，","subTitle":"获得奖励","beanAward":{"beanCount":"1","beanImgUrl":"https://m.360buyimg.com/njmobilecms/jfs/t23452/19/1797778090/8622/14e40996/5b69974eN9880f531.png"}},"signRemind":{"title":"领京豆","content":"签到领京豆啦，断签会错过连签礼包哦","popImgUrl":"https://m.360buyimg.com/njmobilecms/jfs/t25144/349/281504248/8702/2397c397/5b6ab64fN016b2a9d.png","beanHomeLink":"{ \"des\": \"m\",
    \"params\": {
        \"url\": \"https://h5.m.jd.com/rn/42yjy8na6pFsq1cx9MJQ5aTgu3kX/index.html\"
    }
}"},"continuousDays":"1","tomorrowSendBeans":0}});
20230727-054840：jsonp_1690427968947_58064({"code":"0","data":{"signedRan":"B","status":"2","beanUserType":1,"awardType":"1","dailyAward":{"type":"1","title":"今天已签到，","subTitle":"获得奖励","beanAward":{"beanCount":"1","beanImgUrl":"https://m.360buyimg.com/njmobilecms/jfs/t23452/19/1797778090/8622/14e40996/5b69974eN9880f531.png"}},"signRemind":{"title":"领京豆","content":"签到领京豆啦，断签会错过连签礼包哦","popImgUrl":"https://m.360buyimg.com/njmobilecms/jfs/t25144/349/281504248/8702/2397c397/5b6ab64fN016b2a9d.png","beanHomeLink":"{ \"des\": \"m\",
    \"params\": {
        \"url\": \"https://h5.m.jd.com/rn/42yjy8na6pFsq1cx9MJQ5aTgu3kX/index.html\"
    }
}"},"continuousDays":"1","tomorrowSendBeans":0}});
20230728-180838：jsonp_1690427968947_58064({"code":"3","errorMessage":"用户未登录"});
20230729-180748：jsonp_1690427968947_58064({"code":"3","errorMessage":"用户未登录"});
20230730-180754：jsonp_1690427968947_58064({"code":"3","errorMessage":"用户未登录"});
20230731-180906：jsonp_1690427968947_58064({"code":"3","errorMessage":"用户未登录"});
20230801-180904：jsonp_1690427968947_58064({"code":"3","errorMessage":"用户未登录"});
20230802-180833：jsonp_1690427968947_58064({"code":"3","errorMessage":"用户未登录"});
20230803-180839：jsonp_1690427968947_58064({"code":"3","errorMessage":"用户未登录"});
20230804-180851：jsonp_1690427968947_58064({"code":"3","errorMessage":"用户未登录"});
20230805-180750：jsonp_1690427968947_58064({"code":"3","errorMessage":"用户未登录"});
20230806-180752：jsonp_1690427968947_58064({"code":"3","errorMessage":"用户未登录"});
20230807-180845：jsonp_1690427968947_58064({"code":"3","errorMessage":"用户未登录"});
20230808-180951：jsonp_1690427968947_58064({"code":"3","errorMessage":"用户未登录"});
20230809-180945：jsonp_1690427968947_58064({"code":"3","errorMessage":"用户未登录"});
20230810-180852：jsonp_1690427968947_58064({"code":"3","errorMessage":"用户未登录"});
20230811-180851：jsonp_1690427968947_58064({"code":"3","errorMessage":"用户未登录"});
20230812-180745：jsonp_1690427968947_58064({"code":"3","errorMessage":"用户未登录"});
20230813-180744：jsonp_1690427968947_58064({"code":"3","errorMessage":"用户未登录"});
20230814-180856：jsonp_1690427968947_58064({"code":"3","errorMessage":"用户未登录"});
20230815-180834：jsonp_1690427968947_58064({"code":"3","errorMessage":"用户未登录"});
20230816-180839：jsonp_1690427968947_58064({"code":"3","errorMessage":"用户未登录"});
